#-----------------------------------------------------------
# Vivado v2024.2 (64-bit)
# SW Build 5239630 on Fri Nov 08 22:35:27 MST 2024
# IP Build 5239520 on Sun Nov 10 16:12:51 MST 2024
# SharedData Build 5239561 on Fri Nov 08 14:39:27 MST 2024
# Start of session at: Thu Jan 16 20:04:47 2025
# Process ID         : 27356
# Current directory  : D:/VLSI-DSP/Soc_Multiplier
# Command line       : vivado.exe -source Vivado_run.tcl
# Log file           : D:/VLSI-DSP/Soc_Multiplier/vivado.log
# Journal file       : D:/VLSI-DSP/Soc_Multiplier\vivado.jou
# Running On         : LAPTOP-KMG8SJ3F
# Platform           : Windows Server 2016 or Windows 10
# Operating System   : 22631
# Processor Detail   : Intel(R) Core(TM) Ultra 7 155H
# CPU Frequency      : 2995 MHz
# CPU Physical cores : 16
# CPU Logical cores  : 22
# Host memory        : 33945 MB
# Swap memory        : 5100 MB
# Total Virtual      : 39046 MB
# Available Virtual  : 20309 MB
#-----------------------------------------------------------
start_gui
source Vivado_run.tcl
# start_gui
# open_project Soc_Multiplier.xpr
INFO: [filemgmt 56-3] Default IP Output Path : Could not find the directory 'D:/VLSI-DSP/Soc_Multiplier/Soc_Multiplier.gen/sources_1'.
WARNING: [filemgmt 56-3] IPUserFilesDir: Could not find the directory 'D:/VLSI-DSP/Soc_Multiplier/Soc_Multiplier.ip_user_files'.
Scanning sources...
Finished scanning sources
INFO: [IP_Flow 19-234] Refreshing IP repositories
INFO: [IP_Flow 19-1704] No user IP repositories specified
INFO: [IP_Flow 19-2313] Loaded Vivado IP repository 'E:/Xilinx/Vivado/2024.2/data/ip'.
open_project: Time (s): cpu = 00:00:05 ; elapsed = 00:00:07 . Memory (MB): peak = 1424.410 ; gain = 243.309
# update_compile_order -fileset sources_1
# reset_project
# launch_runs synth_1 -jobs 16
[Thu Jan 16 20:05:06 2025] Launched synth_1...
Run output will be captured here: D:/VLSI-DSP/Soc_Multiplier/Soc_Multiplier.runs/synth_1/runme.log
# launch_runs impl_1 -jobs 16
[Thu Jan 16 20:05:07 2025] Launched synth_1...
Run output will be captured here: D:/VLSI-DSP/Soc_Multiplier/Soc_Multiplier.runs/synth_1/runme.log
[Thu Jan 16 20:05:07 2025] Launched impl_1...
Run output will be captured here: D:/VLSI-DSP/Soc_Multiplier/Soc_Multiplier.runs/impl_1/runme.log
update_compile_order -fileset sources_1
open_run impl_1
INFO: [Device 21-403] Loading part xc7a200tfbg676-2
Netlist sorting complete. Time (s): cpu = 00:00:00 ; elapsed = 00:00:00.009 . Memory (MB): peak = 1699.633 ; gain = 0.000
INFO: [Netlist 29-17] Analyzing 115 Unisim elements for replacement
INFO: [Netlist 29-28] Unisim Transformation completed in 0 CPU seconds
INFO: [Project 1-479] Netlist was created with Vivado 2024.2
INFO: [Project 1-570] Preparing netlist for logic optimization
Read ShapeDB Complete: Time (s): cpu = 00:00:00 ; elapsed = 00:00:00.005 . Memory (MB): peak = 1794.305 ; gain = 0.656
INFO: [Timing 38-478] Restoring timing data from binary archive.
INFO: [Timing 38-479] Binary timing data restore complete.
INFO: [Project 1-856] Restoring constraints from binary archive.
INFO: [Project 1-853] Binary constraint restore complete.
INFO: [Designutils 20-5722] Start Reading Physical Databases.
Reading placement.
Read Netlist Cache: Time (s): cpu = 00:00:00 ; elapsed = 00:00:00.002 . Memory (MB): peak = 2433.469 ; gain = 0.000
Reading placer database...
Read Device Cache: Time (s): cpu = 00:00:00 ; elapsed = 00:00:00.006 . Memory (MB): peak = 2433.469 ; gain = 0.000
Read PlaceDB: Time (s): cpu = 00:00:00 ; elapsed = 00:00:00.035 . Memory (MB): peak = 2433.469 ; gain = 0.000
Read PulsedLatchDB: Time (s): cpu = 00:00:00 ; elapsed = 00:00:00 . Memory (MB): peak = 2433.469 ; gain = 0.000
Reading routing.
Read RouteStorage: Time (s): cpu = 00:00:00 ; elapsed = 00:00:00.013 . Memory (MB): peak = 2433.469 ; gain = 0.000
Read Physdb Files: Time (s): cpu = 00:00:00 ; elapsed = 00:00:00.060 . Memory (MB): peak = 2433.469 ; gain = 0.000
Restored from archive | CPU: 0.000000 secs | Memory: 0.000000 MB |
Finished XDEF File Restore: Time (s): cpu = 00:00:00 ; elapsed = 00:00:00.060 . Memory (MB): peak = 2433.469 ; gain = 0.000
Netlist sorting complete. Time (s): cpu = 00:00:00 ; elapsed = 00:00:00.001 . Memory (MB): peak = 2433.469 ; gain = 0.000
INFO: [Project 1-111] Unisim Transformation Summary:
  A total of 32 instances were transformed.
  IOBUF => IOBUF (IBUF, OBUFT): 32 instances

open_run: Time (s): cpu = 00:00:09 ; elapsed = 00:00:15 . Memory (MB): peak = 2801.906 ; gain = 1319.648
reset_run synth_1
INFO: [Project 1-1161] Replacing file D:/VLSI-DSP/Soc_Multiplier/Soc_Multiplier.srcs/utils_1/imports/synth_1/thinpad_top.dcp with file D:/VLSI-DSP/Soc_Multiplier/Soc_Multiplier.runs/synth_1/thinpad_top.dcp
launch_runs synth_1 -jobs 16
[Thu Jan 16 20:54:04 2025] Launched synth_1...
Run output will be captured here: D:/VLSI-DSP/Soc_Multiplier/Soc_Multiplier.runs/synth_1/runme.log
close_design
launch_runs impl_1 -jobs 16
[Thu Jan 16 20:54:58 2025] Launched impl_1...
Run output will be captured here: D:/VLSI-DSP/Soc_Multiplier/Soc_Multiplier.runs/impl_1/runme.log
open_run impl_1
Netlist sorting complete. Time (s): cpu = 00:00:00 ; elapsed = 00:00:00.009 . Memory (MB): peak = 2825.336 ; gain = 0.000
INFO: [Netlist 29-17] Analyzing 115 Unisim elements for replacement
INFO: [Netlist 29-28] Unisim Transformation completed in 0 CPU seconds
INFO: [Project 1-479] Netlist was created with Vivado 2024.2
INFO: [Project 1-570] Preparing netlist for logic optimization
Read ShapeDB Complete: Time (s): cpu = 00:00:00 ; elapsed = 00:00:00.004 . Memory (MB): peak = 2825.336 ; gain = 0.000
INFO: [Timing 38-478] Restoring timing data from binary archive.
INFO: [Timing 38-479] Binary timing data restore complete.
INFO: [Project 1-856] Restoring constraints from binary archive.
INFO: [Project 1-853] Binary constraint restore complete.
INFO: [Designutils 20-5722] Start Reading Physical Databases.
Reading placement.
Read Netlist Cache: Time (s): cpu = 00:00:00 ; elapsed = 00:00:00.002 . Memory (MB): peak = 2825.336 ; gain = 0.000
Reading placer database...
Read Device Cache: Time (s): cpu = 00:00:00 ; elapsed = 00:00:00.007 . Memory (MB): peak = 2825.336 ; gain = 0.000
Read PlaceDB: Time (s): cpu = 00:00:00 ; elapsed = 00:00:00.031 . Memory (MB): peak = 2825.336 ; gain = 0.000
Read PulsedLatchDB: Time (s): cpu = 00:00:00 ; elapsed = 00:00:00 . Memory (MB): peak = 2825.336 ; gain = 0.000
Reading routing.
Read RouteStorage: Time (s): cpu = 00:00:00 ; elapsed = 00:00:00.017 . Memory (MB): peak = 2825.336 ; gain = 0.000
Read Physdb Files: Time (s): cpu = 00:00:00 ; elapsed = 00:00:00.067 . Memory (MB): peak = 2825.336 ; gain = 0.000
Restored from archive | CPU: 0.000000 secs | Memory: 0.000000 MB |
Finished XDEF File Restore: Time (s): cpu = 00:00:00 ; elapsed = 00:00:00.067 . Memory (MB): peak = 2825.336 ; gain = 0.000
Netlist sorting complete. Time (s): cpu = 00:00:00 ; elapsed = 00:00:00 . Memory (MB): peak = 2825.336 ; gain = 0.000
INFO: [Project 1-111] Unisim Transformation Summary:
  A total of 32 instances were transformed.
  IOBUF => IOBUF (IBUF, OBUFT): 32 instances

open_run: Time (s): cpu = 00:00:05 ; elapsed = 00:00:08 . Memory (MB): peak = 2825.336 ; gain = 0.000
reset_project
close_design
reset_project
exit
INFO: [Common 17-206] Exiting Vivado at Thu Jan 16 21:13:11 2025...
